c:\users\amaya\googledrive\stm32\stm32f1_nrf24l01_plus\visualgdb\debug\cl_delay.o
c:\users\amaya\googledrive\stm32\stm32f1_nrf24l01_plus\visualgdb\debug\cl_nrf24l01p.o
c:\users\amaya\googledrive\stm32\stm32f1_nrf24l01_plus\visualgdb\debug\cl_printmsg.o
c:\users\amaya\googledrive\stm32\stm32f1_nrf24l01_plus\visualgdb\debug\cl_systemclockupdate.o
c:\users\amaya\googledrive\stm32\stm32f1_nrf24l01_plus\visualgdb\debug\startup_stm32f103xb.o
c:\users\amaya\googledrive\stm32\stm32f1_nrf24l01_plus\visualgdb\debug\stm32f1xx_ll_adc.o
c:\users\amaya\googledrive\stm32\stm32f1_nrf24l01_plus\visualgdb\debug\stm32f1xx_ll_crc.o
c:\users\amaya\googledrive\stm32\stm32f1_nrf24l01_plus\visualgdb\debug\stm32f1xx_ll_dac.o
c:\users\amaya\googledrive\stm32\stm32f1_nrf24l01_plus\visualgdb\debug\stm32f1xx_ll_dma.o
c:\users\amaya\googledrive\stm32\stm32f1_nrf24l01_plus\visualgdb\debug\stm32f1xx_ll_exti.o
c:\users\amaya\googledrive\stm32\stm32f1_nrf24l01_plus\visualgdb\debug\stm32f1xx_ll_fsmc.o
c:\users\amaya\googledrive\stm32\stm32f1_nrf24l01_plus\visualgdb\debug\stm32f1xx_ll_gpio.o
c:\users\amaya\googledrive\stm32\stm32f1_nrf24l01_plus\visualgdb\debug\stm32f1xx_ll_i2c.o
c:\users\amaya\googledrive\stm32\stm32f1_nrf24l01_plus\visualgdb\debug\stm32f1xx_ll_pwr.o
c:\users\amaya\googledrive\stm32\stm32f1_nrf24l01_plus\visualgdb\debug\stm32f1xx_ll_rcc.o
c:\users\amaya\googledrive\stm32\stm32f1_nrf24l01_plus\visualgdb\debug\stm32f1xx_ll_rtc.o
c:\users\amaya\googledrive\stm32\stm32f1_nrf24l01_plus\visualgdb\debug\stm32f1xx_ll_sdmmc.o
c:\users\amaya\googledrive\stm32\stm32f1_nrf24l01_plus\visualgdb\debug\stm32f1xx_ll_spi.o
c:\users\amaya\googledrive\stm32\stm32f1_nrf24l01_plus\visualgdb\debug\stm32f1xx_ll_tim.o
c:\users\amaya\googledrive\stm32\stm32f1_nrf24l01_plus\visualgdb\debug\stm32f1xx_ll_usart.o
c:\users\amaya\googledrive\stm32\stm32f1_nrf24l01_plus\visualgdb\debug\stm32f1xx_ll_utils.o
c:\users\amaya\googledrive\stm32\stm32f1_nrf24l01_plus\visualgdb\debug\stm32f1_nrf24l01_plus.o
c:\users\amaya\googledrive\stm32\stm32f1_nrf24l01_plus\visualgdb\debug\system_stm32f1xx.o
c:\users\amaya\googledrive\stm32\stm32f1_nrf24l01_plus\visualgdb\debug\cl_delay.dep
c:\users\amaya\googledrive\stm32\stm32f1_nrf24l01_plus\visualgdb\debug\cl_nrf24l01p.dep
c:\users\amaya\googledrive\stm32\stm32f1_nrf24l01_plus\visualgdb\debug\cl_printmsg.dep
c:\users\amaya\googledrive\stm32\stm32f1_nrf24l01_plus\visualgdb\debug\cl_systemclockupdate.dep
c:\users\amaya\googledrive\stm32\stm32f1_nrf24l01_plus\visualgdb\debug\startup_stm32f103xb.dep
c:\users\amaya\googledrive\stm32\stm32f1_nrf24l01_plus\visualgdb\debug\stm32f1xx_ll_adc.dep
c:\users\amaya\googledrive\stm32\stm32f1_nrf24l01_plus\visualgdb\debug\stm32f1xx_ll_crc.dep
c:\users\amaya\googledrive\stm32\stm32f1_nrf24l01_plus\visualgdb\debug\stm32f1xx_ll_dac.dep
c:\users\amaya\googledrive\stm32\stm32f1_nrf24l01_plus\visualgdb\debug\stm32f1xx_ll_dma.dep
c:\users\amaya\googledrive\stm32\stm32f1_nrf24l01_plus\visualgdb\debug\stm32f1xx_ll_exti.dep
c:\users\amaya\googledrive\stm32\stm32f1_nrf24l01_plus\visualgdb\debug\stm32f1xx_ll_fsmc.dep
c:\users\amaya\googledrive\stm32\stm32f1_nrf24l01_plus\visualgdb\debug\stm32f1xx_ll_gpio.dep
c:\users\amaya\googledrive\stm32\stm32f1_nrf24l01_plus\visualgdb\debug\stm32f1xx_ll_i2c.dep
c:\users\amaya\googledrive\stm32\stm32f1_nrf24l01_plus\visualgdb\debug\stm32f1xx_ll_pwr.dep
c:\users\amaya\googledrive\stm32\stm32f1_nrf24l01_plus\visualgdb\debug\stm32f1xx_ll_rcc.dep
c:\users\amaya\googledrive\stm32\stm32f1_nrf24l01_plus\visualgdb\debug\stm32f1xx_ll_rtc.dep
c:\users\amaya\googledrive\stm32\stm32f1_nrf24l01_plus\visualgdb\debug\stm32f1xx_ll_sdmmc.dep
c:\users\amaya\googledrive\stm32\stm32f1_nrf24l01_plus\visualgdb\debug\stm32f1xx_ll_spi.dep
c:\users\amaya\googledrive\stm32\stm32f1_nrf24l01_plus\visualgdb\debug\stm32f1xx_ll_tim.dep
c:\users\amaya\googledrive\stm32\stm32f1_nrf24l01_plus\visualgdb\debug\stm32f1xx_ll_usart.dep
c:\users\amaya\googledrive\stm32\stm32f1_nrf24l01_plus\visualgdb\debug\stm32f1xx_ll_utils.dep
c:\users\amaya\googledrive\stm32\stm32f1_nrf24l01_plus\visualgdb\debug\stm32f1_nrf24l01_plus.dep
c:\users\amaya\googledrive\stm32\stm32f1_nrf24l01_plus\visualgdb\debug\system_stm32f1xx.dep
c:\users\amaya\googledrive\stm32\stm32f1_nrf24l01_plus\visualgdb\debug\stm32f1_nrf24l01_plus.link.rsp
c:\users\amaya\googledrive\stm32\stm32f1_nrf24l01_plus\visualgdb\debug\stm32f1_nrf24l01_plus.bin
c:\users\amaya\googledrive\stm32\stm32f1_nrf24l01_plus\visualgdb\debug\stm32f1_nrf24l01_plus.alldeps
c:\users\amaya\googledrive\stm32\stm32f1_nrf24l01_plus\visualgdb\debug\stm32f1_nrf24l01_plus
c:\users\amaya\googledrive\stm32\stm32f1_nrf24l01_plus\visualgdb\debug\cl_delay.gcc.rsp
c:\users\amaya\googledrive\stm32\stm32f1_nrf24l01_plus\visualgdb\debug\cl_nrf24l01p.gcc.rsp
c:\users\amaya\googledrive\stm32\stm32f1_nrf24l01_plus\visualgdb\debug\cl_printmsg.gcc.rsp
c:\users\amaya\googledrive\stm32\stm32f1_nrf24l01_plus\visualgdb\debug\cl_systemclockupdate.gcc.rsp
c:\users\amaya\googledrive\stm32\stm32f1_nrf24l01_plus\visualgdb\debug\startup_stm32f103xb.gcc.rsp
c:\users\amaya\googledrive\stm32\stm32f1_nrf24l01_plus\visualgdb\debug\stm32f1xx_ll_adc.gcc.rsp
c:\users\amaya\googledrive\stm32\stm32f1_nrf24l01_plus\visualgdb\debug\stm32f1xx_ll_crc.gcc.rsp
c:\users\amaya\googledrive\stm32\stm32f1_nrf24l01_plus\visualgdb\debug\stm32f1xx_ll_dac.gcc.rsp
c:\users\amaya\googledrive\stm32\stm32f1_nrf24l01_plus\visualgdb\debug\stm32f1xx_ll_dma.gcc.rsp
c:\users\amaya\googledrive\stm32\stm32f1_nrf24l01_plus\visualgdb\debug\stm32f1xx_ll_exti.gcc.rsp
c:\users\amaya\googledrive\stm32\stm32f1_nrf24l01_plus\visualgdb\debug\stm32f1xx_ll_fsmc.gcc.rsp
c:\users\amaya\googledrive\stm32\stm32f1_nrf24l01_plus\visualgdb\debug\stm32f1xx_ll_gpio.gcc.rsp
c:\users\amaya\googledrive\stm32\stm32f1_nrf24l01_plus\visualgdb\debug\stm32f1xx_ll_i2c.gcc.rsp
c:\users\amaya\googledrive\stm32\stm32f1_nrf24l01_plus\visualgdb\debug\stm32f1xx_ll_pwr.gcc.rsp
c:\users\amaya\googledrive\stm32\stm32f1_nrf24l01_plus\visualgdb\debug\stm32f1xx_ll_rcc.gcc.rsp
c:\users\amaya\googledrive\stm32\stm32f1_nrf24l01_plus\visualgdb\debug\stm32f1xx_ll_rtc.gcc.rsp
c:\users\amaya\googledrive\stm32\stm32f1_nrf24l01_plus\visualgdb\debug\stm32f1xx_ll_sdmmc.gcc.rsp
c:\users\amaya\googledrive\stm32\stm32f1_nrf24l01_plus\visualgdb\debug\stm32f1xx_ll_spi.gcc.rsp
c:\users\amaya\googledrive\stm32\stm32f1_nrf24l01_plus\visualgdb\debug\stm32f1xx_ll_tim.gcc.rsp
c:\users\amaya\googledrive\stm32\stm32f1_nrf24l01_plus\visualgdb\debug\stm32f1xx_ll_usart.gcc.rsp
c:\users\amaya\googledrive\stm32\stm32f1_nrf24l01_plus\visualgdb\debug\stm32f1xx_ll_utils.gcc.rsp
c:\users\amaya\googledrive\stm32\stm32f1_nrf24l01_plus\visualgdb\debug\stm32f1_nrf24l01_plus.gcc.rsp
c:\users\amaya\googledrive\stm32\stm32f1_nrf24l01_plus\visualgdb\debug\stm32f1_nrf24l01_plus.mkbin.rsp
c:\users\amaya\googledrive\stm32\stm32f1_nrf24l01_plus\visualgdb\debug\system_stm32f1xx.gcc.rsp
